nohup: ignoring input
Too many tiffs in /data/project/nvl_lab/HoloBMI/Raw/191010/NVI12/D15/im/holostim_seq/holostim_seq_191010T130248-001 for holostim_seq
/data/project/nvl_lab/HoloBMI/Raw/191010/NVI12/D15 has warnings or errors

Too many tiffs in /data/project/nvl_lab/HoloBMI/Raw/191010/NVI13/D15/im/holostim_seq/holostim_seq_191010T153419-006 for holostim_seq
/data/project/nvl_lab/HoloBMI/Raw/191010/NVI13/D15 has warnings or errors

Too many tiffs in /data/project/nvl_lab/HoloBMI/Raw/191010/NVI16/D15/im/holostim_seq/holostim_seq_191010T182359-010 for holostim_seq
/data/project/nvl_lab/HoloBMI/Raw/191010/NVI16/D15 has warnings or errors

/data/project/nvl_lab/HoloBMI/Raw/191117/NVI22/D13 is a good dataset!

/data/project/nvl_lab/HoloBMI/Raw/191117/NVI20/D13 is a good dataset!

Too many tiffs in /data/project/nvl_lab/HoloBMI/Raw/191117/NVI17/D13/im/holostim_seq/holostim_seq_191117T181421-014 for holostim_seq
/data/project/nvl_lab/HoloBMI/Raw/191117/NVI17/D13 has warnings or errors

Too many tiffs in /data/project/nvl_lab/HoloBMI/Raw/191109/NVI22/D05/im/HoloVTA_pretrain/HoloVTA_pretrain_191109T133522-007 for pretrain
/data/project/nvl_lab/HoloBMI/Raw/191109/NVI22/D05 has warnings or errors

Too many tiffs in /data/project/nvl_lab/HoloBMI/Raw/191109/NVI21/D05/im/holostim_seq/holostim_seq_191109T155256-009 for holostim_seq
Too many tiffs in /data/project/nvl_lab/HoloBMI/Raw/191109/NVI21/D05/im/HoloVTA_pretrain/HoloVTA_pretrain_191109T162359-011 for pretrain
/data/project/nvl_lab/HoloBMI/Raw/191109/NVI21/D05 has warnings or errors

Too many tiffs in /data/project/nvl_lab/HoloBMI/Raw/191109/NVI20/D05/im/HoloVTA_pretrain/HoloVTA_pretrain_191109T184230-015 for pretrain
/data/project/nvl_lab/HoloBMI/Raw/191109/NVI20/D05 has warnings or errors

Too many tiffs in /data/project/nvl_lab/HoloBMI/Raw/191109/NVI17/D05/im/HoloVTA_pretrain/HoloVTA_pretrain_191109T213719-019 for pretrain
/data/project/nvl_lab/HoloBMI/Raw/191109/NVI17/D05 has warnings or errors

Too many tiffs in /data/project/nvl_lab/HoloBMI/Raw/191014/NVI12/D19/im/baseline/baseline_191014T133352-003 for baseline
Too many tiffs in /data/project/nvl_lab/HoloBMI/Raw/191014/NVI12/D19/im/holostim_seq/holostim_seq_191014T132017-001 for holostim_seq
/data/project/nvl_lab/HoloBMI/Raw/191014/NVI12/D19 has warnings or errors

Too many tiffs in /data/project/nvl_lab/HoloBMI/Raw/191014/NVI13/D19/im/baseline/baseline_191014T163326-008 for baseline
/data/project/nvl_lab/HoloBMI/Raw/191014/NVI13/D19 has warnings or errors

Too many tiffs in /data/project/nvl_lab/HoloBMI/Raw/191014/NVI16/D19/im/baseline/baseline_191014T203918-013 for baseline
Too many tiffs in /data/project/nvl_lab/HoloBMI/Raw/191014/NVI16/D19/im/holostim_seq/holostim_seq_191014T203231-012 for holostim_seq
/data/project/nvl_lab/HoloBMI/Raw/191014/NVI16/D19 has warnings or errors

Too many tiffs in /data/project/nvl_lab/HoloBMI/Raw/191122/NVI22/D18/im/holostim_seq/holostim_seq_191122T130209-005 for holostim_seq
Too many tiffs in /data/project/nvl_lab/HoloBMI/Raw/191122/NVI22/D18/im/HoloVTA_pretrain/HoloVTA_pretrain_191122T132925-007 for pretrain
/data/project/nvl_lab/HoloBMI/Raw/191122/NVI22/D18 has warnings or errors

Too many tiffs in /data/project/nvl_lab/HoloBMI/Raw/191122/NVI20/D18/im/holostim_seq/holostim_seq_191122T151103-009 for holostim_seq
/data/project/nvl_lab/HoloBMI/Raw/191122/NVI20/D18 has warnings or errors

Too many tiffs in /data/project/nvl_lab/HoloBMI/Raw/191122/NVI17/D18/im/holostim_seq/holostim_seq_191122T174046-014 for holostim_seq
Too many tiffs in /data/project/nvl_lab/HoloBMI/Raw/191122/NVI17/D18/im/HoloVTA_pretrain/HoloVTA_pretrain_191122T180546-016 for pretrain
Too many matches for /data/project/nvl_lab/HoloBMI/Raw/191122/NVI17/D18/bmi_target_mat_file
Too many matches for /data/project/nvl_lab/HoloBMI/Raw/191122/NVI17/D18/target_calibration_mat_file
/data/project/nvl_lab/HoloBMI/Raw/191122/NVI17/D18 has warnings or errors

Too many tiffs in /data/project/nvl_lab/HoloBMI/Raw/191114/NVI22/D10/im/holostim_seq/holostim_seq_191114T140155-004 for holostim_seq
Too many tiffs in /data/project/nvl_lab/HoloBMI/Raw/191114/NVI22/D10/im/HoloVTA_pretrain/HoloVTA_pretrain_191114T143249-006 for pretrain
/data/project/nvl_lab/HoloBMI/Raw/191114/NVI22/D10 has warnings or errors

Too many tiffs in /data/project/nvl_lab/HoloBMI/Raw/191114/NVI20/D10/im/holostim_seq/holostim_seq_191114T163110-011 for holostim_seq
Too many tiffs in /data/project/nvl_lab/HoloBMI/Raw/191114/NVI20/D10/im/HoloVTA_pretrain/HoloVTA_pretrain_191114T172053-014 for pretrain
/data/project/nvl_lab/HoloBMI/Raw/191114/NVI20/D10 has warnings or errors

Too many tiffs in /data/project/nvl_lab/HoloBMI/Raw/191114/NVI17/D10/im/HoloVTA_pretrain/HoloVTA_pretrain_191114T204746-021 for pretrain
No /data/project/nvl_lab/HoloBMI/Raw/191114/NVI17/D10/main_prot_m_file
/data/project/nvl_lab/HoloBMI/Raw/191114/NVI17/D10 has warnings or errors

Too many tiffs in /data/project/nvl_lab/HoloBMI/Raw/191001/NVI12/D6/im/holostim_seq/holostim_seq_191001T131054-002 for holostim_seq
/data/project/nvl_lab/HoloBMI/Raw/191001/NVI12/D6 has warnings or errors

Too many tiffs in /data/project/nvl_lab/HoloBMI/Raw/191001/NVI13/D6/im/holostim_seq/holostim_seq_191001T161105-006 for holostim_seq
/data/project/nvl_lab/HoloBMI/Raw/191001/NVI13/D6 has warnings or errors

Too many tiffs in /data/project/nvl_lab/HoloBMI/Raw/191001/NVI16/D6/im/holostim_seq/holostim_seq_191001T184329-010 for holostim_seq
/data/project/nvl_lab/HoloBMI/Raw/191001/NVI16/D6 has warnings or errors

Too many tiffs in /data/project/nvl_lab/HoloBMI/Raw/191104/NVI12/D35/im/HoloVTA_pretrain/HoloVTA_pretrain_191104T135141-018 for pretrain
/data/project/nvl_lab/HoloBMI/Raw/191104/NVI12/D35 has warnings or errors

Too many tiffs in /data/project/nvl_lab/HoloBMI/Raw/191104/NVI13/D35/im/HoloVTA_pretrain/HoloVTA_pretrain_191104T172005-024 for pretrain
/data/project/nvl_lab/HoloBMI/Raw/191104/NVI13/D35 has warnings or errors

Too many tiffs in /data/project/nvl_lab/HoloBMI/Raw/191104/NVI16/D35/im/HoloVTA_pretrain/HoloVTA_pretrain_191104T201005-029 for pretrain
/data/project/nvl_lab/HoloBMI/Raw/191104/NVI16/D35 has warnings or errors

Too many tiffs in /data/project/nvl_lab/HoloBMI/Raw/191007/NVI12/D12/im/holostim_seq/holostim_seq_191007T131708-001 for holostim_seq
Too many tiffs in /data/project/nvl_lab/HoloBMI/Raw/191007/NVI12/D12/im/HoloVTA_pretrain/HoloVTA_pretrain_191007T135729-003 for pretrain
Incorrect bmi_online file count in /data/project/nvl_lab/HoloBMI/Raw/191007/NVI12/D12
/data/project/nvl_lab/HoloBMI/Raw/191007/NVI12/D12 has warnings or errors

Too many tiffs in /data/project/nvl_lab/HoloBMI/Raw/191007/NVI13/D12/im/holostim_seq/holostim_seq_191007T182603-010 for holostim_seq
Too many tiffs in /data/project/nvl_lab/HoloBMI/Raw/191007/NVI13/D12/im/HoloVTA_pretrain/HoloVTA_pretrain_191007T190038-014 for pretrain
/data/project/nvl_lab/HoloBMI/Raw/191007/NVI13/D12 has warnings or errors

Too many tiffs in /data/project/nvl_lab/HoloBMI/Raw/191007/NVI16/D12/im/holostim_seq/holostim_seq_191007T213519-016 for holostim_seq
Too many tiffs in /data/project/nvl_lab/HoloBMI/Raw/191007/NVI16/D12/im/HoloVTA_pretrain/HoloVTA_pretrain_191007T220611-018 for pretrain
/data/project/nvl_lab/HoloBMI/Raw/191007/NVI16/D12 has warnings or errors

Too many tiffs in /data/project/nvl_lab/HoloBMI/Raw/191028/NVI12/D28/im/holostim_seq/holostim_seq_191028T135552-007 for holostim_seq
/data/project/nvl_lab/HoloBMI/Raw/191028/NVI12/D28 has warnings or errors

Too many tiffs in /data/project/nvl_lab/HoloBMI/Raw/191028/NVI13/D28/im/holostim_seq/holostim_seq_191028T161956-011 for holostim_seq
Too many tiffs in /data/project/nvl_lab/HoloBMI/Raw/191028/NVI13/D28/im/HoloVTA_pretrain/HoloVTA_pretrain_191028T164609-013 for pretrain
/data/project/nvl_lab/HoloBMI/Raw/191028/NVI13/D28 has warnings or errors

Too many tiffs in /data/project/nvl_lab/HoloBMI/Raw/191028/NVI16/D28/im/holostim_seq/holostim_seq_191028T192410-016 for holostim_seq
Too many tiffs in /data/project/nvl_lab/HoloBMI/Raw/191028/NVI16/D28/im/HoloVTA_pretrain/HoloVTA_pretrain_191028T195141-018 for pretrain
No /data/project/nvl_lab/HoloBMI/Raw/191028/NVI16/D28/main_prot_m_file
/data/project/nvl_lab/HoloBMI/Raw/191028/NVI16/D28 has warnings or errors

Too many tiffs in /data/project/nvl_lab/HoloBMI/Raw/191118/NVI22/D14/im/holostim_seq/holostim_seq_191118T130319-005 for holostim_seq
Too many tiffs in /data/project/nvl_lab/HoloBMI/Raw/191118/NVI22/D14/im/HoloVTA_pretrain/HoloVTA_pretrain_191118T134157-007 for pretrain
/data/project/nvl_lab/HoloBMI/Raw/191118/NVI22/D14 has warnings or errors

Too many tiffs in /data/project/nvl_lab/HoloBMI/Raw/191118/NVI20/D14/im/holostim_seq/holostim_seq_191118T155235-009 for holostim_seq
Too many tiffs in /data/project/nvl_lab/HoloBMI/Raw/191118/NVI20/D14/im/HoloVTA_pretrain/HoloVTA_pretrain_191118T162253-011 for pretrain
/data/project/nvl_lab/HoloBMI/Raw/191118/NVI20/D14 has warnings or errors

Too many tiffs in /data/project/nvl_lab/HoloBMI/Raw/191118/NVI17/D14/im/holostim_seq/holostim_seq_191118T182502-015 for holostim_seq
Too many tiffs in /data/project/nvl_lab/HoloBMI/Raw/191118/NVI17/D14/im/HoloVTA_pretrain/HoloVTA_pretrain_191118T194658-024 for pretrain
/data/project/nvl_lab/HoloBMI/Raw/191118/NVI17/D14 has warnings or errors

No /data/project/nvl_lab/HoloBMI/Raw/191101/NVI12/D32/workspace_mat_file
/data/project/nvl_lab/HoloBMI/Raw/191101/NVI12/D32 has warnings or errors

/data/project/nvl_lab/HoloBMI/Raw/191101/NVI13/D32 is a good dataset!

/data/project/nvl_lab/HoloBMI/Raw/191101/NVI16/D32 is a good dataset!

Too many tiffs in /data/project/nvl_lab/HoloBMI/Raw/191026/NVI12/D26/im/HoloVTA_pretrain/HoloVTA_pretrain_191026T134200-107 for pretrain
/data/project/nvl_lab/HoloBMI/Raw/191026/NVI12/D26 has warnings or errors

Too many tiffs in /data/project/nvl_lab/HoloBMI/Raw/191026/NVI13/D26/im/HoloVTA_pretrain/HoloVTA_pretrain_191026T160310-111 for pretrain
/data/project/nvl_lab/HoloBMI/Raw/191026/NVI13/D26 has warnings or errors

Too many tiffs in /data/project/nvl_lab/HoloBMI/Raw/191026/NVI16/D26/im/HoloVTA_pretrain/HoloVTA_pretrain_191026T200457-119 for pretrain
Incorrect bmi_online file count in /data/project/nvl_lab/HoloBMI/Raw/191026/NVI16/D26
/data/project/nvl_lab/HoloBMI/Raw/191026/NVI16/D26 has warnings or errors

Too many tiffs in /data/project/nvl_lab/HoloBMI/Raw/191123/NVI17/D19/im/holostim_seq/holostim_seq_191123T143847-004 for holostim_seq
/data/project/nvl_lab/HoloBMI/Raw/191123/NVI17/D19 has warnings or errors

Too many tiffs in /data/project/nvl_lab/HoloBMI/Raw/191115/NVI22/D11/im/holostim_seq/holostim_seq_191115T125759-008 for holostim_seq
Too many tiffs in /data/project/nvl_lab/HoloBMI/Raw/191115/NVI22/D11/im/HoloVTA_pretrain/HoloVTA_pretrain_191115T133035-011 for pretrain
/data/project/nvl_lab/HoloBMI/Raw/191115/NVI22/D11 has warnings or errors

No tiffs in /data/project/nvl_lab/HoloBMI/Raw/191115/NVI20/D11/im/baseline/baseline_191115T161027-015
No voltage recording in /data/project/nvl_lab/HoloBMI/Raw/191115/NVI20/D11/im/baseline/baseline_191115T161027-015 
No tiffs in /data/project/nvl_lab/HoloBMI/Raw/191115/NVI20/D11/im/BMI/BMI_191115T172124-017
No voltage recording in /data/project/nvl_lab/HoloBMI/Raw/191115/NVI20/D11/im/BMI/BMI_191115T172124-017 
No tiffs in /data/project/nvl_lab/HoloBMI/Raw/191115/NVI20/D11/im/HoloVTA_pretrain/HoloVTA_pretrain_191115T163119-016
No voltage recording in /data/project/nvl_lab/HoloBMI/Raw/191115/NVI20/D11/im/HoloVTA_pretrain/HoloVTA_pretrain_191115T163119-016 
/data/project/nvl_lab/HoloBMI/Raw/191115/NVI20/D11 has warnings or errors

Too many tiffs in /data/project/nvl_lab/HoloBMI/Raw/191115/NVI17/D11/im/HoloVTA_pretrain/HoloVTA_pretrain_191115T184432-020 for pretrain
/data/project/nvl_lab/HoloBMI/Raw/191115/NVI17/D11 has warnings or errors

Too many tiffs in /data/project/nvl_lab/HoloBMI/Raw/191013/NVI12/D18/im/holostim_seq/holostim_seq_191013T123719-001 for holostim_seq
Too many tiffs in /data/project/nvl_lab/HoloBMI/Raw/191013/NVI12/D18/im/HoloVTA_pretrain/HoloVTA_pretrain_191013T132319-003 for pretrain
/data/project/nvl_lab/HoloBMI/Raw/191013/NVI12/D18 has warnings or errors

/data/project/nvl_lab/HoloBMI/Raw/191013/NVI13/D18 is a good dataset!

Too many tiffs in /data/project/nvl_lab/HoloBMI/Raw/191013/NVI16/D18/im/holostim_seq/holostim_seq_191013T193948-013 for holostim_seq
Incorrect bmi_online file count in /data/project/nvl_lab/HoloBMI/Raw/191013/NVI16/D18
/data/project/nvl_lab/HoloBMI/Raw/191013/NVI16/D18 has warnings or errors

Too many tiffs in /data/project/nvl_lab/HoloBMI/Raw/191105/NVI22/D01/im/holostim_seq/holostim_seq_191105T140020-037 for holostim_seq
/data/project/nvl_lab/HoloBMI/Raw/191105/NVI22/D01 has warnings or errors

/data/project/nvl_lab/HoloBMI/Raw/191105/NVI21/D01 is a good dataset!

/data/project/nvl_lab/HoloBMI/Raw/191105/NVI20/D01 is a good dataset!

No /data/project/nvl_lab/HoloBMI/Raw/191105/NVI17/D01/roi_mat_file
No /data/project/nvl_lab/HoloBMI/Raw/191105/NVI17/D01/bot_candidates
No /data/project/nvl_lab/HoloBMI/Raw/191105/NVI17/D01/bot_ensemble
No /data/project/nvl_lab/HoloBMI/Raw/191105/NVI17/D01/gpl_candidates
No /data/project/nvl_lab/HoloBMI/Raw/191105/NVI17/D01/gpl_ensemble
No /data/project/nvl_lab/HoloBMI/Raw/191105/NVI17/D01/xml_candidates
No /data/project/nvl_lab/HoloBMI/Raw/191105/NVI17/D01/xml_ensemble
No /data/project/nvl_lab/HoloBMI/Raw/191105/NVI17/D01/workspace_mat_file
No /data/project/nvl_lab/HoloBMI/Raw/191105/NVI17/D01/holomask_gpl_file
No /data/project/nvl_lab/HoloBMI/Raw/191105/NVI17/D01/xml_holostim_seq
No /data/project/nvl_lab/HoloBMI/Raw/191105/NVI17/D01/strc_mask_mat_file
No /data/project/nvl_lab/HoloBMI/Raw/191105/NVI17/D01/main_prot_m_file
No /data/project/nvl_lab/HoloBMI/Raw/191105/NVI17/D01/bmi_target_mat_file
No /data/project/nvl_lab/HoloBMI/Raw/191105/NVI17/D01/holostim_seq_mat_file
No /data/project/nvl_lab/HoloBMI/Raw/191105/NVI17/D01/baseline_mat_file
No /data/project/nvl_lab/HoloBMI/Raw/191105/NVI17/D01/target_calibration_mat_file
Incorrect bmi_online file count in /data/project/nvl_lab/HoloBMI/Raw/191105/NVI17/D01
/data/project/nvl_lab/HoloBMI/Raw/191105/NVI17/D01 has warnings or errors

Too many tiffs in /data/project/nvl_lab/HoloBMI/Raw/191120/NVI22/D16/im/holostim_seq/holostim_seq_191120T130214-006 for holostim_seq
Too many tiffs in /data/project/nvl_lab/HoloBMI/Raw/191120/NVI22/D16/im/HoloVTA_pretrain/HoloVTA_pretrain_191120T132818-008 for pretrain
/data/project/nvl_lab/HoloBMI/Raw/191120/NVI22/D16 has warnings or errors

Too many tiffs in /data/project/nvl_lab/HoloBMI/Raw/191120/NVI20/D16/im/holostim_seq/holostim_seq_191120T171146-010 for holostim_seq
Too many tiffs in /data/project/nvl_lab/HoloBMI/Raw/191120/NVI20/D16/im/HoloVTA_pretrain/HoloVTA_pretrain_191120T173909-012 for pretrain
/data/project/nvl_lab/HoloBMI/Raw/191120/NVI20/D16 has warnings or errors

Too many tiffs in /data/project/nvl_lab/HoloBMI/Raw/191120/NVI17/D16/im/holostim_seq/holostim_seq_191120T192518-015 for holostim_seq
Too many tiffs in /data/project/nvl_lab/HoloBMI/Raw/191120/NVI17/D16/im/HoloVTA_pretrain/HoloVTA_pretrain_191120T195642-017 for pretrain
/data/project/nvl_lab/HoloBMI/Raw/191120/NVI17/D16 has warnings or errors

Too many tiffs in /data/project/nvl_lab/HoloBMI/Raw/191127/NVI22/D23/im/holostim_seq/holostim_seq_191127T133523-005 for holostim_seq
Too many tiffs in /data/project/nvl_lab/HoloBMI/Raw/191127/NVI22/D23/im/HoloVTA_pretrain/HoloVTA_pretrain_191127T140756-007 for pretrain
/data/project/nvl_lab/HoloBMI/Raw/191127/NVI22/D23 has warnings or errors

Too many tiffs in /data/project/nvl_lab/HoloBMI/Raw/191127/NVI20/D23/im/holostim_seq/holostim_seq_191127T155337-010 for holostim_seq
Too many tiffs in /data/project/nvl_lab/HoloBMI/Raw/191127/NVI20/D23/im/HoloVTA_pretrain/HoloVTA_pretrain_191127T162245-012 for pretrain
/data/project/nvl_lab/HoloBMI/Raw/191127/NVI20/D23 has warnings or errors

Too many tiffs in /data/project/nvl_lab/HoloBMI/Raw/191127/NVI17/D23/im/holostim_seq/holostim_seq_191127T181245-015 for holostim_seq
Too many tiffs in /data/project/nvl_lab/HoloBMI/Raw/191127/NVI17/D23/im/HoloVTA_pretrain/HoloVTA_pretrain_191127T183941-017 for pretrain
/data/project/nvl_lab/HoloBMI/Raw/191127/NVI17/D23 has warnings or errors

Too many tiffs in /data/project/nvl_lab/HoloBMI/Raw/191110/NVI22/D06/im/holostim_seq/holostim_seq_191110T125653-005 for holostim_seq
Too many tiffs in /data/project/nvl_lab/HoloBMI/Raw/191110/NVI22/D06/im/HoloVTA_pretrain/HoloVTA_pretrain_191110T132607-007 for pretrain
/data/project/nvl_lab/HoloBMI/Raw/191110/NVI22/D06 has warnings or errors

Too many tiffs in /data/project/nvl_lab/HoloBMI/Raw/191110/NVI21/D06/im/HoloVTA_pretrain/HoloVTA_pretrain_191110T162054-012 for pretrain
/data/project/nvl_lab/HoloBMI/Raw/191110/NVI21/D06 has warnings or errors

Too many tiffs in /data/project/nvl_lab/HoloBMI/Raw/191110/NVI20/D06/im/holostim_seq/holostim_seq_191110T181534-014 for holostim_seq
Too many tiffs in /data/project/nvl_lab/HoloBMI/Raw/191110/NVI20/D06/im/HoloVTA_pretrain/HoloVTA_pretrain_191110T184215-016 for pretrain
/data/project/nvl_lab/HoloBMI/Raw/191110/NVI20/D06 has warnings or errors

Too many tiffs in /data/project/nvl_lab/HoloBMI/Raw/191110/NVI17/D06/im/HoloVTA_pretrain/HoloVTA_pretrain_191110T212345-021 for pretrain
/data/project/nvl_lab/HoloBMI/Raw/191110/NVI17/D06 has warnings or errors

Too many tiffs in /data/project/nvl_lab/HoloBMI/Raw/191119/NVI22/D15/im/holostim_seq/holostim_seq_191119T123436-005 for holostim_seq
/data/project/nvl_lab/HoloBMI/Raw/191119/NVI22/D15 has warnings or errors

Too many tiffs in /data/project/nvl_lab/HoloBMI/Raw/191119/NVI20/D15/im/holostim_seq/holostim_seq_191119T151141-009 for holostim_seq
/data/project/nvl_lab/HoloBMI/Raw/191119/NVI20/D15 has warnings or errors

Too many tiffs in /data/project/nvl_lab/HoloBMI/Raw/191119/NVI17/D15/im/holostim_seq/holostim_seq_191119T172319-013 for holostim_seq
/data/project/nvl_lab/HoloBMI/Raw/191119/NVI17/D15 has warnings or errors

Too many tiffs in /data/project/nvl_lab/HoloBMI/Raw/191006/NVI12/D11/im/holostim_seq/holostim_seq_191006T132511-001 for holostim_seq
/data/project/nvl_lab/HoloBMI/Raw/191006/NVI12/D11 has warnings or errors

Too many tiffs in /data/project/nvl_lab/HoloBMI/Raw/191006/NVI13/D11/im/holostim_seq/holostim_seq_191006T161907-005 for holostim_seq
/data/project/nvl_lab/HoloBMI/Raw/191006/NVI13/D11 has warnings or errors

Too many tiffs in /data/project/nvl_lab/HoloBMI/Raw/191006/NVI16/D11/im/holostim_seq/holostim_seq_191006T192747-013 for holostim_seq
/data/project/nvl_lab/HoloBMI/Raw/191006/NVI16/D11 has warnings or errors

Too many tiffs in /data/project/nvl_lab/HoloBMI/Raw/191102/NVI12/D33/im/HoloVTA_pretrain/HoloVTA_pretrain_191102T132426-074 for pretrain
/data/project/nvl_lab/HoloBMI/Raw/191102/NVI12/D33 has warnings or errors

Too many tiffs in /data/project/nvl_lab/HoloBMI/Raw/191102/NVI13/D33/im/holostim_seq/holostim_seq_191102T153843-076 for holostim_seq
Too many tiffs in /data/project/nvl_lab/HoloBMI/Raw/191102/NVI13/D33/im/HoloVTA_pretrain/HoloVTA_pretrain_191102T160452-078 for pretrain
/data/project/nvl_lab/HoloBMI/Raw/191102/NVI13/D33 has warnings or errors

Too many tiffs in /data/project/nvl_lab/HoloBMI/Raw/191102/NVI16/D33/im/holostim_seq/holostim_seq_191102T174749-080 for holostim_seq
Too many tiffs in /data/project/nvl_lab/HoloBMI/Raw/191102/NVI16/D33/im/HoloVTA_pretrain/HoloVTA_pretrain_191102T182156-083 for pretrain
/data/project/nvl_lab/HoloBMI/Raw/191102/NVI16/D33 has warnings or errors

/data/project/nvl_lab/HoloBMI/Raw/191027/NVI12/D27 is a good dataset!

/data/project/nvl_lab/HoloBMI/Raw/191027/NVI13/D27 is a good dataset!

/data/project/nvl_lab/HoloBMI/Raw/191027/NVI16/D27 is a good dataset!

Too many tiffs in /data/project/nvl_lab/HoloBMI/Raw/191124/NVI22/D20/im/holostim_seq/holostim_seq_191124T123259-001 for holostim_seq
/data/project/nvl_lab/HoloBMI/Raw/191124/NVI22/D20 has warnings or errors

Too many tiffs in /data/project/nvl_lab/HoloBMI/Raw/191124/NVI20/D20/im/holostim_seq/holostim_seq_191124T151521-005 for holostim_seq
/data/project/nvl_lab/HoloBMI/Raw/191124/NVI20/D20 has warnings or errors

Too many tiffs in /data/project/nvl_lab/HoloBMI/Raw/191124/NVI17/D20/im/holostim_seq/holostim_seq_191124T173731-016 for holostim_seq
/data/project/nvl_lab/HoloBMI/Raw/191124/NVI17/D20 has warnings or errors

Incorrect bmi_online file count in /data/project/nvl_lab/HoloBMI/Raw/191025/NVI12/D25
/data/project/nvl_lab/HoloBMI/Raw/191025/NVI12/D25 has warnings or errors

Too many tiffs in /data/project/nvl_lab/HoloBMI/Raw/191025/NVI13/D25/im/HoloVTA_pretrain/HoloVTA_pretrain_191025T164810-096 for pretrain
/data/project/nvl_lab/HoloBMI/Raw/191025/NVI13/D25 has warnings or errors

No /data/project/nvl_lab/HoloBMI/Raw/191025/NVI16/D25/main_prot_m_file
Incorrect bmi_online file count in /data/project/nvl_lab/HoloBMI/Raw/191025/NVI16/D25
/data/project/nvl_lab/HoloBMI/Raw/191025/NVI16/D25 has warnings or errors

Too many tiffs in /data/project/nvl_lab/HoloBMI/Raw/191106/NVI22/D02/im/holostim_seq/holostim_seq_191106T140749-058 for holostim_seq
Too many tiffs in /data/project/nvl_lab/HoloBMI/Raw/191106/NVI22/D02/im/HoloVTA_pretrain/HoloVTA_pretrain_191106T144116-061 for pretrain
Too many matches for /data/project/nvl_lab/HoloBMI/Raw/191106/NVI22/D02/baseline_mat_file
/data/project/nvl_lab/HoloBMI/Raw/191106/NVI22/D02 has warnings or errors

Too many tiffs in /data/project/nvl_lab/HoloBMI/Raw/191106/NVI21/D02/im/HoloVTA_pretrain/HoloVTA_pretrain_191106T171822-066 for pretrain
/data/project/nvl_lab/HoloBMI/Raw/191106/NVI21/D02 has warnings or errors

Too many tiffs in /data/project/nvl_lab/HoloBMI/Raw/191106/NVI20/D02/im/HoloVTA_pretrain/HoloVTA_pretrain_191106T194427-070 for pretrain
/data/project/nvl_lab/HoloBMI/Raw/191106/NVI20/D02 has warnings or errors

Too many tiffs in /data/project/nvl_lab/HoloBMI/Raw/191106/NVI17/D02/im/HoloVTA_pretrain/HoloVTA_pretrain_191106T220057-074 for pretrain
/data/project/nvl_lab/HoloBMI/Raw/191106/NVI17/D02 has warnings or errors

Too many tiffs in /data/project/nvl_lab/HoloBMI/Raw/191012/NVI12/D17/im/holostim_seq/holostim_seq_191012T124719-002 for holostim_seq
/data/project/nvl_lab/HoloBMI/Raw/191012/NVI12/D17 has warnings or errors

Too many tiffs in /data/project/nvl_lab/HoloBMI/Raw/191012/NVI13/D17/im/holostim_seq/holostim_seq_191012T150756-006 for holostim_seq
/data/project/nvl_lab/HoloBMI/Raw/191012/NVI13/D17 has warnings or errors

Too many tiffs in /data/project/nvl_lab/HoloBMI/Raw/191012/NVI16/D17/im/holostim_seq/holostim_seq_191012T171427-011 for holostim_seq
/data/project/nvl_lab/HoloBMI/Raw/191012/NVI16/D17 has warnings or errors

Too many tiffs in /data/project/nvl_lab/HoloBMI/Raw/191128/NVI22/D24/im/holostim_seq/holostim_seq_191128T103728-005 for holostim_seq
/data/project/nvl_lab/HoloBMI/Raw/191128/NVI22/D24 has warnings or errors

Too many tiffs in /data/project/nvl_lab/HoloBMI/Raw/191128/NVI20/D24/im/holostim_seq/holostim_seq_191128T130233-009 for holostim_seq
/data/project/nvl_lab/HoloBMI/Raw/191128/NVI20/D24 has warnings or errors

Too many tiffs in /data/project/nvl_lab/HoloBMI/Raw/191128/NVI17/D24/im/holostim_seq/holostim_seq_191128T151030-013 for holostim_seq
/data/project/nvl_lab/HoloBMI/Raw/191128/NVI17/D24 has warnings or errors

Too many tiffs in /data/project/nvl_lab/HoloBMI/Raw/191111/NVI22/D07/im/holostim_seq/holostim_seq_191111T132123-003 for holostim_seq
/data/project/nvl_lab/HoloBMI/Raw/191111/NVI22/D07 has warnings or errors

/data/project/nvl_lab/HoloBMI/Raw/191111/NVI21/D07 is a good dataset!

No /data/project/nvl_lab/HoloBMI/Raw/191111/NVI20/D07/im im path for BMI
Too many tiffs in /data/project/nvl_lab/HoloBMI/Raw/191111/NVI20/D07/im/holostim_seq/holostim_seq_191111T190350-015 for holostim_seq
No /data/project/nvl_lab/HoloBMI/Raw/191111/NVI20/D07/workspace_mat_file
No /data/project/nvl_lab/HoloBMI/Raw/191111/NVI20/D07/main_prot_m_file
Incorrect bmi_online file count in /data/project/nvl_lab/HoloBMI/Raw/191111/NVI20/D07
/data/project/nvl_lab/HoloBMI/Raw/191111/NVI20/D07 has warnings or errors

/data/project/nvl_lab/HoloBMI/Raw/191111/NVI17/D07 is a good dataset!

Too many tiffs in /data/project/nvl_lab/HoloBMI/Raw/191018/NVI12/D23/im/baseline/baseline_191018T130847-056 for baseline
Too many tiffs in /data/project/nvl_lab/HoloBMI/Raw/191018/NVI12/D23/im/holostim_seq/holostim_seq_191018T130456-055 for holostim_seq
/data/project/nvl_lab/HoloBMI/Raw/191018/NVI12/D23 has warnings or errors

Too many tiffs in /data/project/nvl_lab/HoloBMI/Raw/191018/NVI16/D23/im/baseline/baseline_191018T180816-065 for baseline
/data/project/nvl_lab/HoloBMI/Raw/191018/NVI16/D23 has warnings or errors

/data/project/nvl_lab/HoloBMI/Raw/191103/NVI12/D34 is a good dataset!

No voltage recording in /data/project/nvl_lab/HoloBMI/Raw/191103/NVI13/D34/im/BMI/BMI_191103T175110-011 
No /data/project/nvl_lab/HoloBMI/Raw/191103/NVI13/D34/im im path for holostim_seq
No /data/project/nvl_lab/HoloBMI/Raw/191103/NVI13/D34/im im path for pretrain
/data/project/nvl_lab/HoloBMI/Raw/191103/NVI13/D34 has warnings or errors

No /data/project/nvl_lab/HoloBMI/Raw/191103/NVI16/D34/im im path for baseline
No /data/project/nvl_lab/HoloBMI/Raw/191103/NVI16/D34/im im path for BMI
No /data/project/nvl_lab/HoloBMI/Raw/191103/NVI16/D34/im im path for holostim_seq
No /data/project/nvl_lab/HoloBMI/Raw/191103/NVI16/D34/im im path for pretrain
/data/project/nvl_lab/HoloBMI/Raw/191103/NVI16/D34 has warnings or errors

Too many tiffs in /data/project/nvl_lab/HoloBMI/Raw/191005/NVI12/D10/im/holostim_seq/holostim_seq_191005T131637-001 for holostim_seq
Too many tiffs in /data/project/nvl_lab/HoloBMI/Raw/191005/NVI12/D10/im/HoloVTA_pretrain/HoloVTA_pretrain_191005T140650-003 for pretrain
/data/project/nvl_lab/HoloBMI/Raw/191005/NVI12/D10 has warnings or errors

Too many tiffs in /data/project/nvl_lab/HoloBMI/Raw/191005/NVI13/D10/im/holostim_seq/holostim_seq_191005T162420-007 for holostim_seq
Too many tiffs in /data/project/nvl_lab/HoloBMI/Raw/191005/NVI13/D10/im/HoloVTA_pretrain/HoloVTA_pretrain_191005T165314-009 for pretrain
/data/project/nvl_lab/HoloBMI/Raw/191005/NVI13/D10 has warnings or errors

Too many tiffs in /data/project/nvl_lab/HoloBMI/Raw/191005/NVI16/D10/im/holostim_seq/holostim_seq_191005T193001-012 for holostim_seq
Too many tiffs in /data/project/nvl_lab/HoloBMI/Raw/191005/NVI16/D10/im/HoloVTA_pretrain/HoloVTA_pretrain_191005T200106-014 for pretrain
/data/project/nvl_lab/HoloBMI/Raw/191005/NVI16/D10 has warnings or errors

Too many tiffs in /data/project/nvl_lab/HoloBMI/Raw/191031/NVI12/D31/im/holostim_seq/holostim_seq_191031T125159-040 for holostim_seq
Too many tiffs in /data/project/nvl_lab/HoloBMI/Raw/191031/NVI12/D31/im/HoloVTA_pretrain/HoloVTA_pretrain_191031T132400-044 for pretrain
/data/project/nvl_lab/HoloBMI/Raw/191031/NVI12/D31 has warnings or errors

Too many tiffs in /data/project/nvl_lab/HoloBMI/Raw/191031/NVI13/D31/im/HoloVTA_pretrain/HoloVTA_pretrain_191031T155520-048 for pretrain
/data/project/nvl_lab/HoloBMI/Raw/191031/NVI13/D31 has warnings or errors

Incorrect bmi_online file count in /data/project/nvl_lab/HoloBMI/Raw/191031/NVI16/D31
/data/project/nvl_lab/HoloBMI/Raw/191031/NVI16/D31 has warnings or errors

/data/project/nvl_lab/HoloBMI/Raw/190930/NVI12/D5 is a good dataset!

Too many tiffs in /data/project/nvl_lab/HoloBMI/Raw/190930/NVI13/D5/im/holostim_seq/holostim_seq_190930T160205-007 for holostim_seq
/data/project/nvl_lab/HoloBMI/Raw/190930/NVI13/D5 has warnings or errors

/data/project/nvl_lab/HoloBMI/Raw/190930/NVI16/D5 is a good dataset!

Too many tiffs in /data/project/nvl_lab/HoloBMI/Raw/191125/NVI22/D21/im/holostim_seq/holostim_seq_191125T103213-005 for holostim_seq
Too many tiffs in /data/project/nvl_lab/HoloBMI/Raw/191125/NVI22/D21/im/HoloVTA_pretrain/HoloVTA_pretrain_191125T105936-007 for pretrain
/data/project/nvl_lab/HoloBMI/Raw/191125/NVI22/D21 has warnings or errors

Too many tiffs in /data/project/nvl_lab/HoloBMI/Raw/191125/NVI20/D21/im/holostim_seq/holostim_seq_191125T132925-009 for holostim_seq
Too many tiffs in /data/project/nvl_lab/HoloBMI/Raw/191125/NVI20/D21/im/HoloVTA_pretrain/HoloVTA_pretrain_191125T135521-011 for pretrain
/data/project/nvl_lab/HoloBMI/Raw/191125/NVI20/D21 has warnings or errors

Too many tiffs in /data/project/nvl_lab/HoloBMI/Raw/191125/NVI17/D21/im/holostim_seq/holostim_seq_191125T160002-013 for holostim_seq
Too many tiffs in /data/project/nvl_lab/HoloBMI/Raw/191125/NVI17/D21/im/HoloVTA_pretrain/HoloVTA_pretrain_191125T163942-015 for pretrain
/data/project/nvl_lab/HoloBMI/Raw/191125/NVI17/D21 has warnings or errors

Too many tiffs in /data/project/nvl_lab/HoloBMI/Raw/191107/NVI22/D03/im/holostim_seq/holostim_seq_191107T131626-001 for holostim_seq
/data/project/nvl_lab/HoloBMI/Raw/191107/NVI22/D03 has warnings or errors

/data/project/nvl_lab/HoloBMI/Raw/191107/NVI21/D03 is a good dataset!

No /data/project/nvl_lab/HoloBMI/Raw/191107/NVI20/D03/workspace_mat_file
/data/project/nvl_lab/HoloBMI/Raw/191107/NVI20/D03 has warnings or errors

/data/project/nvl_lab/HoloBMI/Raw/191107/NVI17/D03 is a good dataset!

Too many tiffs in /data/project/nvl_lab/HoloBMI/Raw/191003/NVI12/D8/im/holostim_seq/holostim_seq_191003T132058-002 for holostim_seq
Too many tiffs in /data/project/nvl_lab/HoloBMI/Raw/191003/NVI12/D8/im/HoloVTA_pretrain/HoloVTA_pretrain_191003T140417-011 for pretrain
/data/project/nvl_lab/HoloBMI/Raw/191003/NVI12/D8 has warnings or errors

Too many tiffs in /data/project/nvl_lab/HoloBMI/Raw/191003/NVI13/D8/im/holostim_seq/holostim_seq_191003T155415-013 for holostim_seq
Too many tiffs in /data/project/nvl_lab/HoloBMI/Raw/191003/NVI13/D8/im/HoloVTA_pretrain/HoloVTA_pretrain_191003T162412-015 for pretrain
/data/project/nvl_lab/HoloBMI/Raw/191003/NVI13/D8 has warnings or errors

Too many tiffs in /data/project/nvl_lab/HoloBMI/Raw/191130/NVI20/D26/im/holostim_seq/holostim_seq_191130T112308-004 for holostim_seq
Too many tiffs in /data/project/nvl_lab/HoloBMI/Raw/191130/NVI20/D26/im/HoloVTA_pretrain/HoloVTA_pretrain_191130T115115-006 for pretrain
/data/project/nvl_lab/HoloBMI/Raw/191130/NVI20/D26 has warnings or errors

No /data/project/nvl_lab/HoloBMI/Raw/191024/NVI12/D24/workspace_mat_file
/data/project/nvl_lab/HoloBMI/Raw/191024/NVI12/D24 has warnings or errors

/data/project/nvl_lab/HoloBMI/Raw/191024/NVI13/D24 is a good dataset!

/data/project/nvl_lab/HoloBMI/Raw/191024/NVI16/D24 is a good dataset!

Too many tiffs in /data/project/nvl_lab/HoloBMI/Raw/191009/NVI12/D14/im/holostim_seq/holostim_seq_191009T133507-001 for holostim_seq
Too many tiffs in /data/project/nvl_lab/HoloBMI/Raw/191009/NVI12/D14/im/HoloVTA_pretrain/HoloVTA_pretrain_191009T140601-003 for pretrain
/data/project/nvl_lab/HoloBMI/Raw/191009/NVI12/D14 has warnings or errors

Too many tiffs in /data/project/nvl_lab/HoloBMI/Raw/191009/NVI13/D14/im/holostim_seq/holostim_seq_191009T171459-006 for holostim_seq
Too many tiffs in /data/project/nvl_lab/HoloBMI/Raw/191009/NVI13/D14/im/HoloVTA_pretrain/HoloVTA_pretrain_191009T175519-009 for pretrain
/data/project/nvl_lab/HoloBMI/Raw/191009/NVI13/D14 has warnings or errors

Too many tiffs in /data/project/nvl_lab/HoloBMI/Raw/191009/NVI16/D14/im/HoloVTA_pretrain/HoloVTA_pretrain_191009T203502-013 for pretrain
/data/project/nvl_lab/HoloBMI/Raw/191009/NVI16/D14 has warnings or errors

Too many tiffs in /data/project/nvl_lab/HoloBMI/Raw/191129/NVI22/D25/im/holostim_seq/holostim_seq_191129T115537-005 for holostim_seq
Too many tiffs in /data/project/nvl_lab/HoloBMI/Raw/191129/NVI22/D25/im/HoloVTA_pretrain/HoloVTA_pretrain_191129T122331-007 for pretrain
/data/project/nvl_lab/HoloBMI/Raw/191129/NVI22/D25 has warnings or errors

No BMI in im path
Too many tiffs in /data/project/nvl_lab/HoloBMI/Raw/191129/NVI20/D25/im/holostim_seq/holostim_seq_191129T144244-009 for holostim_seq
/data/project/nvl_lab/HoloBMI/Raw/191129/NVI20/D25 has warnings or errors

Too many tiffs in /data/project/nvl_lab/HoloBMI/Raw/191129/NVI17/D25/im/HoloVTA_pretrain/HoloVTA_pretrain_191129T163847-016 for pretrain
/data/project/nvl_lab/HoloBMI/Raw/191129/NVI17/D25 has warnings or errors

Too many tiffs in /data/project/nvl_lab/HoloBMI/Raw/191112/NVI22/D08/im/holostim_seq/holostim_seq_191112T140908-005 for holostim_seq
Too many tiffs in /data/project/nvl_lab/HoloBMI/Raw/191112/NVI22/D08/im/HoloVTA_pretrain/HoloVTA_pretrain_191112T143715-007 for pretrain
/data/project/nvl_lab/HoloBMI/Raw/191112/NVI22/D08 has warnings or errors

Too many tiffs in /data/project/nvl_lab/HoloBMI/Raw/191112/NVI21/D08/im/HoloVTA_pretrain/HoloVTA_pretrain_191112T170340-011 for pretrain
/data/project/nvl_lab/HoloBMI/Raw/191112/NVI21/D08 has warnings or errors

Too many tiffs in /data/project/nvl_lab/HoloBMI/Raw/191112/NVI20/D08/im/HoloVTA_pretrain/HoloVTA_pretrain_191112T195129-016 for pretrain
/data/project/nvl_lab/HoloBMI/Raw/191112/NVI20/D08 has warnings or errors

Too many tiffs in /data/project/nvl_lab/HoloBMI/Raw/191112/NVI17/D08/im/holostim_seq/holostim_seq_191112T213653-019 for holostim_seq
Too many tiffs in /data/project/nvl_lab/HoloBMI/Raw/191112/NVI17/D08/im/HoloVTA_pretrain/HoloVTA_pretrain_191112T220312-021 for pretrain
/data/project/nvl_lab/HoloBMI/Raw/191112/NVI17/D08 has warnings or errors

Too many tiffs in /data/project/nvl_lab/HoloBMI/Raw/191011/NVI12/D16/im/holostim_seq/holostim_seq_191011T125350-002 for holostim_seq
Too many tiffs in /data/project/nvl_lab/HoloBMI/Raw/191011/NVI12/D16/im/HoloVTA_pretrain/HoloVTA_pretrain_191011T132641-004 for pretrain
/data/project/nvl_lab/HoloBMI/Raw/191011/NVI12/D16 has warnings or errors

Too many tiffs in /data/project/nvl_lab/HoloBMI/Raw/191011/NVI13/D16/im/holostim_seq/holostim_seq_191011T154657-006 for holostim_seq
Too many tiffs in /data/project/nvl_lab/HoloBMI/Raw/191011/NVI13/D16/im/HoloVTA_pretrain/HoloVTA_pretrain_191011T162356-008 for pretrain
/data/project/nvl_lab/HoloBMI/Raw/191011/NVI13/D16 has warnings or errors

Too many tiffs in /data/project/nvl_lab/HoloBMI/Raw/191011/NVI16/D16/im/holostim_seq/holostim_seq_191011T185708-010 for holostim_seq
Too many tiffs in /data/project/nvl_lab/HoloBMI/Raw/191011/NVI16/D16/im/HoloVTA_pretrain/HoloVTA_pretrain_191011T193244-013 for pretrain
/data/project/nvl_lab/HoloBMI/Raw/191011/NVI16/D16 has warnings or errors

No baseline in im path
No BMI in im path
No pretrain in im path
No /data/project/nvl_lab/HoloBMI/Raw/191011/NVI16extra/D16/bot_candidates
No /data/project/nvl_lab/HoloBMI/Raw/191011/NVI16extra/D16/bot_ensemble
No /data/project/nvl_lab/HoloBMI/Raw/191011/NVI16extra/D16/gpl_candidates
No /data/project/nvl_lab/HoloBMI/Raw/191011/NVI16extra/D16/gpl_ensemble
No /data/project/nvl_lab/HoloBMI/Raw/191011/NVI16extra/D16/xml_candidates
No /data/project/nvl_lab/HoloBMI/Raw/191011/NVI16extra/D16/xml_ensemble
No /data/project/nvl_lab/HoloBMI/Raw/191011/NVI16extra/D16/workspace_mat_file
No /data/project/nvl_lab/HoloBMI/Raw/191011/NVI16extra/D16/strc_mask_mat_file
No /data/project/nvl_lab/HoloBMI/Raw/191011/NVI16extra/D16/main_prot_m_file
No /data/project/nvl_lab/HoloBMI/Raw/191011/NVI16extra/D16/bmi_target_mat_file
Too many matches for /data/project/nvl_lab/HoloBMI/Raw/191011/NVI16extra/D16/holostim_seq_mat_file
No /data/project/nvl_lab/HoloBMI/Raw/191011/NVI16extra/D16/baseline_mat_file
No /data/project/nvl_lab/HoloBMI/Raw/191011/NVI16extra/D16/target_calibration_mat_file
Incorrect bmi_online file count in /data/project/nvl_lab/HoloBMI/Raw/191011/NVI16extra/D16
/data/project/nvl_lab/HoloBMI/Raw/191011/NVI16extra/D16 has warnings or errors

Too many tiffs in /data/project/nvl_lab/HoloBMI/Raw/191017/NVI12/D22/im/baseline/baseline_191017T130629-040 for baseline
Too many tiffs in /data/project/nvl_lab/HoloBMI/Raw/191017/NVI12/D22/im/holostim_seq/holostim_seq_191017T125045-039 for holostim_seq
Too many tiffs in /data/project/nvl_lab/HoloBMI/Raw/191017/NVI12/D22/im/HoloVTA_pretrain/HoloVTA_pretrain_191017T135155-041 for pretrain
/data/project/nvl_lab/HoloBMI/Raw/191017/NVI12/D22 has warnings or errors

Too many tiffs in /data/project/nvl_lab/HoloBMI/Raw/191017/NVI13/D22/im/baseline/baseline_191017T163556-046 for baseline
Too many tiffs in /data/project/nvl_lab/HoloBMI/Raw/191017/NVI13/D22/im/HoloVTA_pretrain/HoloVTA_pretrain_191017T172050-047 for pretrain
/data/project/nvl_lab/HoloBMI/Raw/191017/NVI13/D22 has warnings or errors

Too many tiffs in /data/project/nvl_lab/HoloBMI/Raw/191017/NVI16/D22/im/baseline/baseline_191017T195038-051 for baseline
Too many tiffs in /data/project/nvl_lab/HoloBMI/Raw/191017/NVI16/D22/im/HoloVTA_pretrain/HoloVTA_pretrain_191017T203653-052 for pretrain
/data/project/nvl_lab/HoloBMI/Raw/191017/NVI16/D22 has warnings or errors

Too many tiffs in /data/project/nvl_lab/HoloBMI/Raw/191126/NVI22/D22/im/holostim_seq/holostim_seq_191126T130622-004 for holostim_seq
/data/project/nvl_lab/HoloBMI/Raw/191126/NVI22/D22 has warnings or errors

Too many tiffs in /data/project/nvl_lab/HoloBMI/Raw/191126/NVI20/D22/im/holostim_seq/holostim_seq_191126T151824-008 for holostim_seq
/data/project/nvl_lab/HoloBMI/Raw/191126/NVI20/D22 has warnings or errors

Too many tiffs in /data/project/nvl_lab/HoloBMI/Raw/191126/NVI17/D22/im/holostim_seq/holostim_seq_191126T174012-012 for holostim_seq
/data/project/nvl_lab/HoloBMI/Raw/191126/NVI17/D22 has warnings or errors

Too many tiffs in /data/project/nvl_lab/HoloBMI/Raw/191004/NVI12/D9/im/holostim_seq/holostim_seq_191004T132058-001 for holostim_seq
Too many tiffs in /data/project/nvl_lab/HoloBMI/Raw/191004/NVI12/D9/im/HoloVTA_pretrain/HoloVTA_pretrain_191004T135419-004 for pretrain
/data/project/nvl_lab/HoloBMI/Raw/191004/NVI12/D9 has warnings or errors

Too many tiffs in /data/project/nvl_lab/HoloBMI/Raw/191004/NVI13/D9/im/holostim_seq/holostim_seq_191004T161213-007 for holostim_seq
Too many tiffs in /data/project/nvl_lab/HoloBMI/Raw/191004/NVI13/D9/im/HoloVTA_pretrain/HoloVTA_pretrain_191004T164313-009 for pretrain
/data/project/nvl_lab/HoloBMI/Raw/191004/NVI13/D9 has warnings or errors

Too many tiffs in /data/project/nvl_lab/HoloBMI/Raw/191004/NVI16/D9/im/holostim_seq/holostim_seq_191004T192006-012 for holostim_seq
Too many tiffs in /data/project/nvl_lab/HoloBMI/Raw/191004/NVI16/D9/im/HoloVTA_pretrain/HoloVTA_pretrain_191004T195052-014 for pretrain
/data/project/nvl_lab/HoloBMI/Raw/191004/NVI16/D9 has warnings or errors

No /data/project/nvl_lab/HoloBMI/Raw/191030/NVI12/D30/main_prot_m_file
/data/project/nvl_lab/HoloBMI/Raw/191030/NVI12/D30 has warnings or errors

/data/project/nvl_lab/HoloBMI/Raw/191030/NVI13/D30 is a good dataset!

No /data/project/nvl_lab/HoloBMI/Raw/191030/NVI16/D30/workspace_mat_file
/data/project/nvl_lab/HoloBMI/Raw/191030/NVI16/D30 has warnings or errors

Too many tiffs in /data/project/nvl_lab/HoloBMI/Raw/191116/NVI22/D12/im/holostim_seq/holostim_seq_191116T133917-008 for holostim_seq
Too many tiffs in /data/project/nvl_lab/HoloBMI/Raw/191116/NVI22/D12/im/HoloVTA_pretrain/HoloVTA_pretrain_191116T140608-010 for pretrain
/data/project/nvl_lab/HoloBMI/Raw/191116/NVI22/D12 has warnings or errors

Too many tiffs in /data/project/nvl_lab/HoloBMI/Raw/191116/NVI20/D12/im/holostim_seq/holostim_seq_191116T155655-013 for holostim_seq
Too many tiffs in /data/project/nvl_lab/HoloBMI/Raw/191116/NVI20/D12/im/HoloVTA_pretrain/HoloVTA_pretrain_191116T162223-015 for pretrain
/data/project/nvl_lab/HoloBMI/Raw/191116/NVI20/D12 has warnings or errors

Too many tiffs in /data/project/nvl_lab/HoloBMI/Raw/191116/NVI17/D12/im/holostim_seq/holostim_seq_191116T182453-018 for holostim_seq
Too many tiffs in /data/project/nvl_lab/HoloBMI/Raw/191116/NVI17/D12/im/HoloVTA_pretrain/HoloVTA_pretrain_191116T184923-020 for pretrain
/data/project/nvl_lab/HoloBMI/Raw/191116/NVI17/D12 has warnings or errors

Too many tiffs in /data/project/nvl_lab/HoloBMI/Raw/191108/NVI22/D04/im/holostim_seq/holostim_seq_191108T135925-009 for holostim_seq
Too many tiffs in /data/project/nvl_lab/HoloBMI/Raw/191108/NVI22/D04/im/HoloVTA_pretrain/HoloVTA_pretrain_191108T143056-011 for pretrain
No /data/project/nvl_lab/HoloBMI/Raw/191108/NVI22/D04/workspace_mat_file
/data/project/nvl_lab/HoloBMI/Raw/191108/NVI22/D04 has warnings or errors

Too many tiffs in /data/project/nvl_lab/HoloBMI/Raw/191108/NVI21/D04/im/holostim_seq/holostim_seq_191108T162152-013 for holostim_seq
Too many tiffs in /data/project/nvl_lab/HoloBMI/Raw/191108/NVI21/D04/im/HoloVTA_pretrain/HoloVTA_pretrain_191108T165156-016 for pretrain
/data/project/nvl_lab/HoloBMI/Raw/191108/NVI21/D04 has warnings or errors

Too many tiffs in /data/project/nvl_lab/HoloBMI/Raw/191108/NVI20/D04/im/holostim_seq/holostim_seq_191108T184225-018 for holostim_seq
Too many tiffs in /data/project/nvl_lab/HoloBMI/Raw/191108/NVI20/D04/im/HoloVTA_pretrain/HoloVTA_pretrain_191108T191229-020 for pretrain
/data/project/nvl_lab/HoloBMI/Raw/191108/NVI20/D04 has warnings or errors

Too many tiffs in /data/project/nvl_lab/HoloBMI/Raw/191108/NVI17/D04/im/HoloVTA_pretrain/HoloVTA_pretrain_191108T220337-024 for pretrain
/data/project/nvl_lab/HoloBMI/Raw/191108/NVI17/D04 has warnings or errors

Too many tiffs in /data/project/nvl_lab/HoloBMI/Raw/191121/NVI22/D17/im/holostim_seq/holostim_seq_191121T141921-008 for holostim_seq
Too many tiffs in /data/project/nvl_lab/HoloBMI/Raw/191121/NVI22/D17/im/HoloVTA_pretrain/HoloVTA_pretrain_191121T145354-010 for pretrain
/data/project/nvl_lab/HoloBMI/Raw/191121/NVI22/D17 has warnings or errors

Too many tiffs in /data/project/nvl_lab/HoloBMI/Raw/191121/NVI20/D17/im/holostim_seq/holostim_seq_191121T165108-012 for holostim_seq
Too many tiffs in /data/project/nvl_lab/HoloBMI/Raw/191121/NVI20/D17/im/HoloVTA_pretrain/HoloVTA_pretrain_191121T172049-014 for pretrain
/data/project/nvl_lab/HoloBMI/Raw/191121/NVI20/D17 has warnings or errors

Too many tiffs in /data/project/nvl_lab/HoloBMI/Raw/191121/NVI17/D17/im/holostim_seq/holostim_seq_191121T190500-016 for holostim_seq
Too many tiffs in /data/project/nvl_lab/HoloBMI/Raw/191121/NVI17/D17/im/HoloVTA_pretrain/HoloVTA_pretrain_191121T193202-018 for pretrain
/data/project/nvl_lab/HoloBMI/Raw/191121/NVI17/D17 has warnings or errors

Too many tiffs in /data/project/nvl_lab/HoloBMI/Raw/191113/NVI22/D09/im/holostim_seq/holostim_seq_191113T132216-005 for holostim_seq
No /data/project/nvl_lab/HoloBMI/Raw/191113/NVI22/D09/workspace_mat_file
/data/project/nvl_lab/HoloBMI/Raw/191113/NVI22/D09 has warnings or errors

/data/project/nvl_lab/HoloBMI/Raw/191113/NVI20/D09 is a good dataset!

Too many tiffs in /data/project/nvl_lab/HoloBMI/Raw/191113/NVI17/D09/im/holostim_seq/holostim_seq_191113T174951-013 for holostim_seq
/data/project/nvl_lab/HoloBMI/Raw/191113/NVI17/D09 has warnings or errors

Too many tiffs in /data/project/nvl_lab/HoloBMI/Raw/191008/NVI12/D13/im/holostim_seq/holostim_seq_191008T131658-002 for holostim_seq
No /data/project/nvl_lab/HoloBMI/Raw/191008/NVI12/D13/workspace_mat_file
/data/project/nvl_lab/HoloBMI/Raw/191008/NVI12/D13 has warnings or errors

Too many tiffs in /data/project/nvl_lab/HoloBMI/Raw/191008/NVI13/D13/im/holostim_seq/holostim_seq_191008T155641-007 for holostim_seq
/data/project/nvl_lab/HoloBMI/Raw/191008/NVI13/D13 has warnings or errors

Too many tiffs in /data/project/nvl_lab/HoloBMI/Raw/191008/NVI16/D13/im/holostim_seq/holostim_seq_191008T184735-011 for holostim_seq
/data/project/nvl_lab/HoloBMI/Raw/191008/NVI16/D13 has warnings or errors

dfs downloaded
